<?xml version="1.0" encoding="UTF-8"?>
<testng-results skipped="0" failed="0" total="1" passed="1">
  <reporter-output>
  </reporter-output>
  <suite name="Default suite" duration-ms="366546" started-at="2012-12-16T17:34:26Z" finished-at="2012-12-16T17:40:32Z">
    <groups>
    </groups>
    <test name="Default test" duration-ms="366546" started-at="2012-12-16T17:34:26Z" finished-at="2012-12-16T17:40:32Z">
      <class name="pack_test.TestCount">
        <test-method status="PASS" signature="befTest()[pri:0, instance:pack_test.TestCount@5e7120]" name="befTest" is-config="true" duration-ms="31" started-at="2012-12-16T20:34:26Z" finished-at="2012-12-16T20:34:26Z">
          <reporter-output>
          </reporter-output>
        </test-method> <!-- befTest -->
        <test-method status="PASS" signature="TestStart()[pri:0, instance:pack_test.TestCount@5e7120]" name="TestStart" duration-ms="366500" started-at="2012-12-16T20:34:26Z" finished-at="2012-12-16T20:40:32Z">
          <reporter-output>
          </reporter-output>
        </test-method> <!-- TestStart -->
        <test-method status="PASS" signature="aftTest()[pri:0, instance:pack_test.TestCount@5e7120]" name="aftTest" is-config="true" duration-ms="0" started-at="2012-12-16T20:40:32Z" finished-at="2012-12-16T20:40:32Z">
          <reporter-output>
          </reporter-output>
        </test-method> <!-- aftTest -->
      </class> <!-- pack_test.TestCount -->
    </test> <!-- Default test -->
  </suite> <!-- Default suite -->
</testng-results>
